java.lang.IllegalArgumentException: Comparison method violates its general contract!
com.badlogic.gdx.utils.ComparableTimSort.mergeLo(ComparableTimSort.java:650)
com.badlogic.gdx.utils.ComparableTimSort.mergeAt(ComparableTimSort.java:415)
com.badlogic.gdx.utils.ComparableTimSort.mergeCollapse(ComparableTimSort.java:351)
com.badlogic.gdx.utils.ComparableTimSort.doSort(ComparableTimSort.java:108)
com.badlogic.gdx.utils.Sort.sort(Sort.java:42)
com.badlogic.gdx.utils.Array.sort(Array.java:360)
io.anuke.ucore.spritesort.DrawHandler.requestSort(DrawHandler.java:32)
io.anuke.ucore.spritesort.DrawHandler.add(DrawHandler.java:24)
io.anuke.ucore.spritesort.DrawPointer.add(DrawPointer.java:28)
io.anuke.ucore.spritesort.DrawPointerList.add(DrawPointerList.java:16)
io.anuke.koru.world.MaterialType$2.draw(MaterialType.java:50)
io.anuke.koru.modules.Renderer.updateTiles(Renderer.java:251)
io.anuke.koru.modules.Renderer.updateTiles(Renderer.java:204)
io.anuke.koru.modules.Renderer.drawMap(Renderer.java:196)
io.anuke.koru.modules.Renderer.doRender(Renderer.java:137)
io.anuke.koru.modules.Renderer.update(Renderer.java:127)
io.anuke.ucore.modules.ModuleController.render(ModuleController.java:56)
io.anuke.koru.Koru.render(Koru.java:58)
com.badlogic.gdx.backends.lwjgl3.Lwjgl3Window.update(Lwjgl3Window.java:389)
com.badlogic.gdx.backends.lwjgl3.Lwjgl3Application.loop(Lwjgl3Application.java:136)
com.badlogic.gdx.backends.lwjgl3.Lwjgl3Application.<init>(Lwjgl3Application.java:110)
io.anuke.koru.desktop.DesktopLauncher.main(DesktopLauncher.java:24)